app/manifest-merger-release-report.txt
-- Merging decision tree log ---
manifest
ADDED from AndroidManifest.xml:2:1
	xmlns:android
		ADDED from AndroidManifest.xml:2:11
	package
		ADDED from AndroidManifest.xml:3:5
		INJECTED from AndroidManifest.xml:0:0
		INJECTED from AndroidManifest.xml:0:0
	android:versionName
		INJECTED from AndroidManifest.xml:0:0
		INJECTED from AndroidManifest.xml:0:0
	android:versionCode
		INJECTED from AndroidManifest.xml:0:0
		INJECTED from AndroidManifest.xml:0:0
compatible-screens
ADDED from AndroidManifest.xml:6:5
screen#small+ldpi
ADDED from AndroidManifest.xml:9:9
	android:screenSize
		ADDED from AndroidManifest.xml:9:17
	android:screenDensity
		ADDED from AndroidManifest.xml:9:44
screen#small+mdpi
ADDED from AndroidManifest.xml:10:9
	android:screenSize
		ADDED from AndroidManifest.xml:10:17
	android:screenDensity
		ADDED from AndroidManifest.xml:10:44
screen#small+hdpi
ADDED from AndroidManifest.xml:11:9
	android:screenSize
		ADDED from AndroidManifest.xml:11:17
	android:screenDensity
		ADDED from AndroidManifest.xml:11:44
screen#small+xhdpi
ADDED from AndroidManifest.xml:12:9
	android:screenSize
		ADDED from AndroidManifest.xml:12:17
	android:screenDensity
		ADDED from AndroidManifest.xml:12:44
screen#normal+ldpi
ADDED from AndroidManifest.xml:16:9
	android:screenSize
		ADDED from AndroidManifest.xml:16:17
	android:screenDensity
		ADDED from AndroidManifest.xml:16:45
screen#normal+mdpi
ADDED from AndroidManifest.xml:17:9
	android:screenSize
		ADDED from AndroidManifest.xml:17:17
	android:screenDensity
		ADDED from AndroidManifest.xml:17:45
screen#normal+hdpi
ADDED from AndroidManifest.xml:18:9
	android:screenSize
		ADDED from AndroidManifest.xml:18:17
	android:screenDensity
		ADDED from AndroidManifest.xml:18:45
screen#normal+xhdpi
ADDED from AndroidManifest.xml:19:9
	android:screenSize
		ADDED from AndroidManifest.xml:19:17
	android:screenDensity
		ADDED from AndroidManifest.xml:19:45
uses-permission#android.permission.VIBRATE
ADDED from AndroidManifest.xml:23:5
	android:name
		ADDED from AndroidManifest.xml:23:22
application
ADDED from AndroidManifest.xml:24:5
	android:label
		ADDED from AndroidManifest.xml:27:9
	android:allowBackup
		ADDED from AndroidManifest.xml:25:9
	android:icon
		ADDED from AndroidManifest.xml:26:9
	android:theme
		ADDED from AndroidManifest.xml:28:9
activity#com.ekranac.root.activities.MainActivity
ADDED from AndroidManifest.xml:29:9
	android:screenOrientation
		ADDED from AndroidManifest.xml:32:13
	android:label
		ADDED from AndroidManifest.xml:31:13
	android:name
		ADDED from AndroidManifest.xml:30:13
intent-filter#android.intent.action.MAIN+android.intent.category.LAUNCHER
ADDED from AndroidManifest.xml:33:13
action#android.intent.action.MAIN
ADDED from AndroidManifest.xml:34:17
	android:name
		ADDED from AndroidManifest.xml:34:25
category#android.intent.category.LAUNCHER
ADDED from AndroidManifest.xml:36:17
	android:name
		ADDED from AndroidManifest.xml:36:27
uses-sdk
INJECTED from AndroidManifest.xml:0:0 reason: use-sdk injection requested
	android:targetSdkVersion
		INJECTED from AndroidManifest.xml:0:0
		INJECTED from AndroidManifest.xml:0:0
	android:minSdkVersion
		INJECTED from AndroidManifest.xml:0:0
		INJECTED from AndroidManifest.xml:0:0